# JRE version: OpenJDK Runtime Environment Temurin-21.0.12.1+1 (21.0.12.1+1) (build 21.0.12.1+1-LTS)
# Java VM: OpenJDK 64-Bit Server VM Temurin-21.0.12.1+1 (21.0.12.1+1-LTS, mixed mode, sharing, tiered, compressed oops, compressed class ptrs, parallel gc, windows-amd64)
GC Precious Log:
 CardTable entry size: 512
 CPUs: 4 total, 4 available
 Memory: 8074M
 Large Page Support: Disabled
 NUMA Support: Disabled
 Compressed Oops: Enabled (32-bit)
 Alignments: Space 512K, Generation 512K, Heap 2M
 Heap Min Capacity: 100M
 Heap Initial Capacity: 100M
 Heap Max Capacity: 2G
 Pre-touch: Disabled
 Parallel Workers: 4
Heap:
 PSYoungGen      total 22528K, used 3506K [0x00000000d5580000, 0x00000000d6c80000, 0x0000000100000000)
  eden space 20480K, 17% used [0x00000000d5580000,0x00000000d58ec958,0x00000000d6980000)
  from space 2048K, 0% used [0x00000000d6980000,0x00000000d6980000,0x00000000d6b80000)
  to   space 1024K, 0% used [0x00000000d6b80000,0x00000000d6b80000,0x00000000d6c80000)
 ParOldGen       total 68608K, used 29081K [0x0000000080000000, 0x0000000084300000, 0x00000000d5580000)
  object space 68608K, 42% used [0x0000000080000000,0x0000000081c66630,0x0000000084300000)
 Metaspace       used 35027K, committed 35968K, reserved 1114112K
  class space    used 3583K, committed 4032K, reserved 1048576K
GC Heap History (20 events):
Event: 42.314 GC heap before
{Heap before GC invocations=10 (full 1):
 PSYoungGen      total 26112K, used 26087K [0x00000000d5580000, 0x00000000d7700000, 0x0000000100000000)
  eden space 23040K, 100% used [0x00000000d5580000,0x00000000d6c00000,0x00000000d6c00000)
  from space 3072K, 99% used [0x00000000d7100000,0x00000000d73f9d18,0x00000000d7400000)
  to   space 5120K, 0% used [0x00000000d6c00000,0x00000000d6c00000,0x00000000d7100000)
 ParOldGen       total 68608K, used 11655K [0x0000000080000000, 0x0000000084300000, 0x00000000d5580000)
  object space 68608K, 16% used [0x0000000080000000,0x0000000080b61e20,0x0000000084300000)
 Metaspace       used 29889K, committed 30784K, reserved 1114112K
  class space    used 2998K, committed 3392K, reserved 1048576K
}
Event: 42.319 GC heap after
{Heap after GC invocations=10 (full 1):
 PSYoungGen      total 27136K, used 4288K [0x00000000d5580000, 0x00000000d7480000, 0x0000000100000000)
  eden space 22528K, 0% used [0x00000000d5580000,0x00000000d5580000,0x00000000d6b80000)
  from space 4608K, 93% used [0x00000000d6c00000,0x00000000d7030240,0x00000000d7080000)
  to   space 4096K, 0% used [0x00000000d7080000,0x00000000d7080000,0x00000000d7480000)
 ParOldGen       total 68608K, used 11663K [0x0000000080000000, 0x0000000084300000, 0x00000000d5580000)
  object space 68608K, 17% used [0x0000000080000000,0x0000000080b63e20,0x0000000084300000)
 Metaspace       used 29889K, committed 30784K, reserved 1114112K
  class space    used 2998K, committed 3392K, reserved 1048576K
}
Event: 297.416 GC heap before
{Heap before GC invocations=11 (full 1):
 PSYoungGen      total 27136K, used 26816K [0x00000000d5580000, 0x00000000d7480000, 0x0000000100000000)
  eden space 22528K, 100% used [0x00000000d5580000,0x00000000d6b80000,0x00000000d6b80000)
  from space 4608K, 93% used [0x00000000d6c00000,0x00000000d7030240,0x00000000d7080000)
  to   space 4096K, 0% used [0x00000000d7080000,0x00000000d7080000,0x00000000d7480000)
 ParOldGen       total 68608K, used 11663K [0x0000000080000000, 0x0000000084300000, 0x00000000d5580000)
  object space 68608K, 17% used [0x0000000080000000,0x0000000080b63e20,0x0000000084300000)
 Metaspace       used 32130K, committed 33088K, reserved 1114112K
  class space    used 3229K, committed 3712K, reserved 1048576K
}
Event: 297.431 GC heap after
{Heap after GC invocations=11 (full 1):
 PSYoungGen      total 25088K, used 2743K [0x00000000d5580000, 0x00000000d7380000, 0x0000000100000000)
  eden space 22016K, 0% used [0x00000000d5580000,0x00000000d5580000,0x00000000d6b00000)
  from space 3072K, 89% used [0x00000000d7080000,0x00000000d732de10,0x00000000d7380000)
  to   space 3584K, 0% used [0x00000000d6c80000,0x00000000d6c80000,0x00000000d7000000)
 ParOldGen       total 68608K, used 14651K [0x0000000080000000, 0x0000000084300000, 0x00000000d5580000)
  object space 68608K, 21% used [0x0000000080000000,0x0000000080e4ed10,0x0000000084300000)
 Metaspace       used 32130K, committed 33088K, reserved 1114112K
  class space    used 3229K, committed 3712K, reserved 1048576K
}
Event: 297.982 GC heap before
{Heap before GC invocations=12 (full 1):
 PSYoungGen      total 25088K, used 24759K [0x00000000d5580000, 0x00000000d7380000, 0x0000000100000000)
  eden space 22016K, 100% used [0x00000000d5580000,0x00000000d6b00000,0x00000000d6b00000)
  from space 3072K, 89% used [0x00000000d7080000,0x00000000d732de10,0x00000000d7380000)
  to   space 3584K, 0% used [0x00000000d6c80000,0x00000000d6c80000,0x00000000d7000000)
 ParOldGen       total 68608K, used 14651K [0x0000000080000000, 0x0000000084300000, 0x00000000d5580000)
  object space 68608K, 21% used [0x0000000080000000,0x0000000080e4ed10,0x0000000084300000)
 Metaspace       used 32176K, committed 33152K, reserved 1114112K
  class space    used 3233K, committed 3712K, reserved 1048576K
}
Event: 297.992 GC heap after
{Heap after GC invocations=12 (full 1):
 PSYoungGen      total 24576K, used 2400K [0x00000000d5580000, 0x00000000d7100000, 0x0000000100000000)
  eden space 22016K, 0% used [0x00000000d5580000,0x00000000d5580000,0x00000000d6b00000)
  from space 2560K, 93% used [0x00000000d6c80000,0x00000000d6ed8010,0x00000000d6f00000)
  to   space 2048K, 0% used [0x00000000d6f00000,0x00000000d6f00000,0x00000000d7100000)
 ParOldGen       total 68608K, used 17351K [0x0000000080000000, 0x0000000084300000, 0x00000000d5580000)
  object space 68608K, 25% used [0x0000000080000000,0x00000000810f1fe0,0x0000000084300000)
 Metaspace       used 32176K, committed 33152K, reserved 1114112K
  class space    used 3233K, committed 3712K, reserved 1048576K
}
Event: 298.398 GC heap before
{Heap before GC invocations=13 (full 1):
 PSYoungGen      total 24576K, used 24416K [0x00000000d5580000, 0x00000000d7100000, 0x0000000100000000)
  eden space 22016K, 100% used [0x00000000d5580000,0x00000000d6b00000,0x00000000d6b00000)
  from space 2560K, 93% used [0x00000000d6c80000,0x00000000d6ed8010,0x00000000d6f00000)
  to   space 2048K, 0% used [0x00000000d6f00000,0x00000000d6f00000,0x00000000d7100000)
 ParOldGen       total 68608K, used 17351K [0x0000000080000000, 0x0000000084300000, 0x00000000d5580000)
  object space 68608K, 25% used [0x0000000080000000,0x00000000810f1fe0,0x0000000084300000)
 Metaspace       used 32526K, committed 33472K, reserved 1114112K
  class space    used 3285K, committed 3712K, reserved 1048576K
}
Event: 298.404 GC heap after
{Heap after GC invocations=13 (full 1):
 PSYoungGen      total 22528K, used 2033K [0x00000000d5580000, 0x00000000d7600000, 0x0000000100000000)
  eden space 20480K, 0% used [0x00000000d5580000,0x00000000d5580000,0x00000000d6980000)
  from space 2048K, 99% used [0x00000000d6f00000,0x00000000d70fc420,0x00000000d7100000)
  to   space 5632K, 0% used [0x00000000d6980000,0x00000000d6980000,0x00000000d6f00000)
 ParOldGen       total 68608K, used 20183K [0x0000000080000000, 0x0000000084300000, 0x00000000d5580000)
  object space 68608K, 29% used [0x0000000080000000,0x00000000813b5fe0,0x0000000084300000)
 Metaspace       used 32526K, committed 33472K, reserved 1114112K
  class space    used 3285K, committed 3712K, reserved 1048576K
}
Event: 299.025 GC heap before
{Heap before GC invocations=14 (full 1):
 PSYoungGen      total 22528K, used 22513K [0x00000000d5580000, 0x00000000d7600000, 0x0000000100000000)
  eden space 20480K, 100% used [0x00000000d5580000,0x00000000d6980000,0x00000000d6980000)
  from space 2048K, 99% used [0x00000000d6f00000,0x00000000d70fc420,0x00000000d7100000)
  to   space 5632K, 0% used [0x00000000d6980000,0x00000000d6980000,0x00000000d6f00000)
 ParOldGen       total 68608K, used 20183K [0x0000000080000000, 0x0000000084300000, 0x00000000d5580000)
  object space 68608K, 29% used [0x0000000080000000,0x00000000813b5fe0,0x0000000084300000)
 Metaspace       used 32545K, committed 33472K, reserved 1114112K
  class space    used 3285K, committed 3712K, reserved 1048576K
}
Event: 299.036 GC heap after
{Heap after GC invocations=14 (full 1):
 PSYoungGen      total 23040K, used 2372K [0x00000000d5580000, 0x00000000d7080000, 0x0000000100000000)
  eden space 20480K, 0% used [0x00000000d5580000,0x00000000d5580000,0x00000000d6980000)
  from space 2560K, 92% used [0x00000000d6980000,0x00000000d6bd1000,0x00000000d6c00000)
  to   space 3584K, 0% used [0x00000000d6d00000,0x00000000d6d00000,0x00000000d7080000)
 ParOldGen       total 68608K, used 22115K [0x0000000080000000, 0x0000000084300000, 0x00000000d5580000)
  object space 68608K, 32% used [0x0000000080000000,0x0000000081598ce8,0x0000000084300000)
 Metaspace       used 32545K, committed 33472K, reserved 1114112K
  class space    used 3285K, committed 3712K, reserved 1048576K
}
Event: 299.660 GC heap before
{Heap before GC invocations=15 (full 1):
 PSYoungGen      total 23040K, used 22852K [0x00000000d5580000, 0x00000000d7080000, 0x0000000100000000)
  eden space 20480K, 100% used [0x00000000d5580000,0x00000000d6980000,0x00000000d6980000)
  from space 2560K, 92% used [0x00000000d6980000,0x00000000d6bd1000,0x00000000d6c00000)
  to   space 3584K, 0% used [0x00000000d6d00000,0x00000000d6d00000,0x00000000d7080000)
 ParOldGen       total 68608K, used 22115K [0x0000000080000000, 0x0000000084300000, 0x00000000d5580000)
  object space 68608K, 32% used [0x0000000080000000,0x0000000081598ce8,0x0000000084300000)
 Metaspace       used 32566K, committed 33536K, reserved 1114112K
  class space    used 3286K, committed 3712K, reserved 1048576K
}
Event: 299.666 GC heap after
{Heap after GC invocations=15 (full 1):
 PSYoungGen      total 23040K, used 2080K [0x00000000d5580000, 0x00000000d6f80000, 0x0000000100000000)
  eden space 20480K, 0% used [0x00000000d5580000,0x00000000d5580000,0x00000000d6980000)
  from space 2560K, 81% used [0x00000000d6d00000,0x00000000d6f08000,0x00000000d6f80000)
  to   space 2560K, 0% used [0x00000000d6980000,0x00000000d6980000,0x00000000d6c00000)
 ParOldGen       total 68608K, used 24407K [0x0000000080000000, 0x0000000084300000, 0x00000000d5580000)
  object space 68608K, 35% used [0x0000000080000000,0x00000000817d5cc0,0x0000000084300000)
 Metaspace       used 32566K, committed 33536K, reserved 1114112K
  class space    used 3286K, committed 3712K, reserved 1048576K
}
Event: 300.484 GC heap before
{Heap before GC invocations=16 (full 1):
 PSYoungGen      total 23040K, used 22560K [0x00000000d5580000, 0x00000000d6f80000, 0x0000000100000000)
  eden space 20480K, 100% used [0x00000000d5580000,0x00000000d6980000,0x00000000d6980000)
  from space 2560K, 81% used [0x00000000d6d00000,0x00000000d6f08000,0x00000000d6f80000)
  to   space 2560K, 0% used [0x00000000d6980000,0x00000000d6980000,0x00000000d6c00000)
 ParOldGen       total 68608K, used 24407K [0x0000000080000000, 0x0000000084300000, 0x00000000d5580000)
  object space 68608K, 35% used [0x0000000080000000,0x00000000817d5cc0,0x0000000084300000)
 Metaspace       used 32610K, committed 33536K, reserved 1114112K
  class space    used 3286K, committed 3712K, reserved 1048576K
}
Event: 300.492 GC heap after
{Heap after GC invocations=16 (full 1):
 PSYoungGen      total 23040K, used 2208K [0x00000000d5580000, 0x00000000d6e80000, 0x0000000100000000)
  eden space 20480K, 0% used [0x00000000d5580000,0x00000000d5580000,0x00000000d6980000)
  from space 2560K, 86% used [0x00000000d6980000,0x00000000d6ba8010,0x00000000d6c00000)
  to   space 2560K, 0% used [0x00000000d6c00000,0x00000000d6c00000,0x00000000d6e80000)
 ParOldGen       total 68608K, used 26439K [0x0000000080000000, 0x0000000084300000, 0x00000000d5580000)
  object space 68608K, 38% used [0x0000000080000000,0x00000000819d1cc0,0x0000000084300000)
 Metaspace       used 32610K, committed 33536K, reserved 1114112K
  class space    used 3286K, committed 3712K, reserved 1048576K
}
Event: 302.498 GC heap before
{Heap before GC invocations=17 (full 1):
 PSYoungGen      total 23040K, used 22688K [0x00000000d5580000, 0x00000000d6e80000, 0x0000000100000000)
  eden space 20480K, 100% used [0x00000000d5580000,0x00000000d6980000,0x00000000d6980000)
  from space 2560K, 86% used [0x00000000d6980000,0x00000000d6ba8010,0x00000000d6c00000)
  to   space 2560K, 0% used [0x00000000d6c00000,0x00000000d6c00000,0x00000000d6e80000)
 ParOldGen       total 68608K, used 26439K [0x0000000080000000, 0x0000000084300000, 0x00000000d5580000)
  object space 68608K, 38% used [0x0000000080000000,0x00000000819d1cc0,0x0000000084300000)
 Metaspace       used 34724K, committed 35712K, reserved 1114112K
  class space    used 3520K, committed 3968K, reserved 1048576K
}
Event: 302.503 GC heap after
{Heap after GC invocations=17 (full 1):
 PSYoungGen      total 22016K, used 1400K [0x00000000d5580000, 0x00000000d6d80000, 0x0000000100000000)
  eden space 20480K, 0% used [0x00000000d5580000,0x00000000d5580000,0x00000000d6980000)
  from space 1536K, 91% used [0x00000000d6c00000,0x00000000d6d5e360,0x00000000d6d80000)
  to   space 2048K, 0% used [0x00000000d6980000,0x00000000d6980000,0x00000000d6b80000)
 ParOldGen       total 68608K, used 28615K [0x0000000080000000, 0x0000000084300000, 0x00000000d5580000)
  object space 68608K, 41% used [0x0000000080000000,0x0000000081bf1ed0,0x0000000084300000)
 Metaspace       used 34724K, committed 35712K, reserved 1114112K
  class space    used 3520K, committed 3968K, reserved 1048576K
}
Event: 303.291 GC heap before
{Heap before GC invocations=18 (full 1):
 PSYoungGen      total 22016K, used 9503K [0x00000000d5580000, 0x00000000d6d80000, 0x0000000100000000)
  eden space 20480K, 39% used [0x00000000d5580000,0x00000000d5d698c8,0x00000000d6980000)
  from space 1536K, 91% used [0x00000000d6c00000,0x00000000d6d5e360,0x00000000d6d80000)
  to   space 2048K, 0% used [0x00000000d6980000,0x00000000d6980000,0x00000000d6b80000)
 ParOldGen       total 68608K, used 28615K [0x0000000080000000, 0x0000000084300000, 0x00000000d5580000)
  object space 68608K, 41% used [0x0000000080000000,0x0000000081bf1ed0,0x0000000084300000)
 Metaspace       used 34871K, committed 35840K, reserved 1114112K
  class space    used 3566K, committed 4032K, reserved 1048576K
}
Event: 303.294 GC heap after
{Heap after GC invocations=18 (full 1):
 PSYoungGen      total 22528K, used 96K [0x00000000d5580000, 0x00000000d6c80000, 0x0000000100000000)
  eden space 20480K, 0% used [0x00000000d5580000,0x00000000d5580000,0x00000000d6980000)
  from space 2048K, 4% used [0x00000000d6980000,0x00000000d6998000,0x00000000d6b80000)
  to   space 1024K, 0% used [0x00000000d6b80000,0x00000000d6b80000,0x00000000d6c80000)
 ParOldGen       total 68608K, used 29831K [0x0000000080000000, 0x0000000084300000, 0x00000000d5580000)
  object space 68608K, 43% used [0x0000000080000000,0x0000000081d21c08,0x0000000084300000)
 Metaspace       used 34871K, committed 35840K, reserved 1114112K
  class space    used 3566K, committed 4032K, reserved 1048576K
}
Event: 303.294 GC heap before
{Heap before GC invocations=19 (full 2):
 PSYoungGen      total 22528K, used 96K [0x00000000d5580000, 0x00000000d6c80000, 0x0000000100000000)
  eden space 20480K, 0% used [0x00000000d5580000,0x00000000d5580000,0x00000000d6980000)
  from space 2048K, 4% used [0x00000000d6980000,0x00000000d6998000,0x00000000d6b80000)
  to   space 1024K, 0% used [0x00000000d6b80000,0x00000000d6b80000,0x00000000d6c80000)
 ParOldGen       total 68608K, used 29831K [0x0000000080000000, 0x0000000084300000, 0x00000000d5580000)
  object space 68608K, 43% used [0x0000000080000000,0x0000000081d21c08,0x0000000084300000)
 Metaspace       used 34871K, committed 35840K, reserved 1114112K
  class space    used 3566K, committed 4032K, reserved 1048576K
}
Event: 303.411 GC heap after
{Heap after GC invocations=19 (full 2):
 PSYoungGen      total 22528K, used 0K [0x00000000d5580000, 0x00000000d6c80000, 0x0000000100000000)
  eden space 20480K, 0% used [0x00000000d5580000,0x00000000d5580000,0x00000000d6980000)
  from space 2048K, 0% used [0x00000000d6980000,0x00000000d6980000,0x00000000d6b80000)
  to   space 1024K, 0% used [0x00000000d6b80000,0x00000000d6b80000,0x00000000d6c80000)
 ParOldGen       total 68608K, used 29081K [0x0000000080000000, 0x0000000084300000, 0x00000000d5580000)
  object space 68608K, 42% used [0x0000000080000000,0x0000000081c66630,0x0000000084300000)
 Metaspace       used 34871K, committed 35840K, reserved 1114112K
  class space    used 3566K, committed 4032K, reserved 1048576K
}

