# JRE version: OpenJDK Runtime Environment Temurin-21.0.12.1+1 (21.0.12.1+1) (build 21.0.12.1+1-LTS)
# Java VM: OpenJDK 64-Bit Server VM Temurin-21.0.12.1+1 (21.0.12.1+1-LTS, mixed mode, sharing, tiered, compressed oops, compressed class ptrs, parallel gc, windows-amd64)
GC Precious Log:
 CardTable entry size: 512
 CPUs: 4 total, 4 available
 Memory: 8074M
 Large Page Support: Disabled
 NUMA Support: Disabled
 Compressed Oops: Enabled (32-bit)
 Alignments: Space 512K, Generation 512K, Heap 2M
 Heap Min Capacity: 100M
 Heap Initial Capacity: 100M
 Heap Max Capacity: 2G
 Pre-touch: Disabled
 Parallel Workers: 4
Heap:
 PSYoungGen      total 23552K, used 11019K [0x00000000d5580000, 0x00000000d7080000, 0x0000000100000000)
  eden space 20480K, 41% used [0x00000000d5580000,0x00000000d5db5550,0x00000000d6980000)
  from space 3072K, 85% used [0x00000000d6980000,0x00000000d6c0d808,0x00000000d6c80000)
  to   space 3584K, 0% used [0x00000000d6d00000,0x00000000d6d00000,0x00000000d7080000)
 ParOldGen       total 68608K, used 39478K [0x0000000080000000, 0x0000000084300000, 0x00000000d5580000)
  object space 68608K, 57% used [0x0000000080000000,0x000000008268d958,0x0000000084300000)
 Metaspace       used 50651K, committed 52032K, reserved 1114112K
  class space    used 5459K, committed 6080K, reserved 1048576K
GC Heap History (20 events):
Event: 60.387 GC heap before
{Heap before GC invocations=18 (full 2):
 PSYoungGen      total 24064K, used 24048K [0x00000000d5580000, 0x00000000d7300000, 0x0000000100000000)
  eden space 22016K, 100% used [0x00000000d5580000,0x00000000d6b00000,0x00000000d6b00000)
  from space 2048K, 99% used [0x00000000d6d00000,0x00000000d6efc010,0x00000000d6f00000)
  to   space 4096K, 0% used [0x00000000d6f00000,0x00000000d6f00000,0x00000000d7300000)
 ParOldGen       total 68608K, used 20925K [0x0000000080000000, 0x0000000084300000, 0x00000000d5580000)
  object space 68608K, 30% used [0x0000000080000000,0x000000008146f588,0x0000000084300000)
 Metaspace       used 41863K, committed 43136K, reserved 1114112K
  class space    used 4487K, committed 5056K, reserved 1048576K
}
Event: 60.396 GC heap after
{Heap after GC invocations=18 (full 2):
 PSYoungGen      total 24064K, used 1573K [0x00000000d5580000, 0x00000000d7100000, 0x0000000100000000)
  eden space 22016K, 0% used [0x00000000d5580000,0x00000000d5580000,0x00000000d6b00000)
  from space 2048K, 76% used [0x00000000d6f00000,0x00000000d70894e8,0x00000000d7100000)
  to   space 2560K, 0% used [0x00000000d6c00000,0x00000000d6c00000,0x00000000d6e80000)
 ParOldGen       total 68608K, used 22948K [0x0000000080000000, 0x0000000084300000, 0x00000000d5580000)
  object space 68608K, 33% used [0x0000000080000000,0x0000000081669170,0x0000000084300000)
 Metaspace       used 41863K, committed 43136K, reserved 1114112K
  class space    used 4487K, committed 5056K, reserved 1048576K
}
Event: 67.855 GC heap before
{Heap before GC invocations=19 (full 2):
 PSYoungGen      total 24064K, used 23589K [0x00000000d5580000, 0x00000000d7100000, 0x0000000100000000)
  eden space 22016K, 100% used [0x00000000d5580000,0x00000000d6b00000,0x00000000d6b00000)
  from space 2048K, 76% used [0x00000000d6f00000,0x00000000d70894e8,0x00000000d7100000)
  to   space 2560K, 0% used [0x00000000d6c00000,0x00000000d6c00000,0x00000000d6e80000)
 ParOldGen       total 68608K, used 22948K [0x0000000080000000, 0x0000000084300000, 0x00000000d5580000)
  object space 68608K, 33% used [0x0000000080000000,0x0000000081669170,0x0000000084300000)
 Metaspace       used 44474K, committed 45760K, reserved 1114112K
  class space    used 4769K, committed 5312K, reserved 1048576K
}
Event: 67.861 GC heap after
{Heap after GC invocations=19 (full 2):
 PSYoungGen      total 24064K, used 1889K [0x00000000d5580000, 0x00000000d6f80000, 0x0000000100000000)
  eden space 22016K, 0% used [0x00000000d5580000,0x00000000d5580000,0x00000000d6b00000)
  from space 2048K, 92% used [0x00000000d6c00000,0x00000000d6dd8428,0x00000000d6e00000)
  to   space 1536K, 0% used [0x00000000d6e00000,0x00000000d6e00000,0x00000000d6f80000)
 ParOldGen       total 68608K, used 24163K [0x0000000080000000, 0x0000000084300000, 0x00000000d5580000)
  object space 68608K, 35% used [0x0000000080000000,0x0000000081798e70,0x0000000084300000)
 Metaspace       used 44474K, committed 45760K, reserved 1114112K
  class space    used 4769K, committed 5312K, reserved 1048576K
}
Event: 70.718 GC heap before
{Heap before GC invocations=20 (full 2):
 PSYoungGen      total 24064K, used 23905K [0x00000000d5580000, 0x00000000d6f80000, 0x0000000100000000)
  eden space 22016K, 100% used [0x00000000d5580000,0x00000000d6b00000,0x00000000d6b00000)
  from space 2048K, 92% used [0x00000000d6c00000,0x00000000d6dd8428,0x00000000d6e00000)
  to   space 1536K, 0% used [0x00000000d6e00000,0x00000000d6e00000,0x00000000d6f80000)
 ParOldGen       total 68608K, used 24163K [0x0000000080000000, 0x0000000084300000, 0x00000000d5580000)
  object space 68608K, 35% used [0x0000000080000000,0x0000000081798e70,0x0000000084300000)
 Metaspace       used 47089K, committed 48384K, reserved 1114112K
  class space    used 5116K, committed 5632K, reserved 1048576K
}
Event: 70.733 GC heap after
{Heap after GC invocations=20 (full 2):
 PSYoungGen      total 23552K, used 1531K [0x00000000d5580000, 0x00000000d6f80000, 0x0000000100000000)
  eden space 22016K, 0% used [0x00000000d5580000,0x00000000d5580000,0x00000000d6b00000)
  from space 1536K, 99% used [0x00000000d6e00000,0x00000000d6f7eea8,0x00000000d6f80000)
  to   space 2048K, 0% used [0x00000000d6b80000,0x00000000d6b80000,0x00000000d6d80000)
 ParOldGen       total 68608K, used 25944K [0x0000000080000000, 0x0000000084300000, 0x00000000d5580000)
  object space 68608K, 37% used [0x0000000080000000,0x00000000819562a8,0x0000000084300000)
 Metaspace       used 47089K, committed 48384K, reserved 1114112K
  class space    used 5116K, committed 5632K, reserved 1048576K
}
Event: 72.534 GC heap before
{Heap before GC invocations=21 (full 2):
 PSYoungGen      total 23552K, used 23547K [0x00000000d5580000, 0x00000000d6f80000, 0x0000000100000000)
  eden space 22016K, 100% used [0x00000000d5580000,0x00000000d6b00000,0x00000000d6b00000)
  from space 1536K, 99% used [0x00000000d6e00000,0x00000000d6f7eea8,0x00000000d6f80000)
  to   space 2048K, 0% used [0x00000000d6b80000,0x00000000d6b80000,0x00000000d6d80000)
 ParOldGen       total 68608K, used 25944K [0x0000000080000000, 0x0000000084300000, 0x00000000d5580000)
  object space 68608K, 37% used [0x0000000080000000,0x00000000819562a8,0x0000000084300000)
 Metaspace       used 47823K, committed 49088K, reserved 1114112K
  class space    used 5186K, committed 5696K, reserved 1048576K
}
Event: 72.540 GC heap after
{Heap after GC invocations=21 (full 2):
 PSYoungGen      total 24064K, used 512K [0x00000000d5580000, 0x00000000d6e80000, 0x0000000100000000)
  eden space 22016K, 0% used [0x00000000d5580000,0x00000000d5580000,0x00000000d6b00000)
  from space 2048K, 25% used [0x00000000d6b80000,0x00000000d6c00000,0x00000000d6d80000)
  to   space 1024K, 0% used [0x00000000d6d80000,0x00000000d6d80000,0x00000000d6e80000)
 ParOldGen       total 68608K, used 27348K [0x0000000080000000, 0x0000000084300000, 0x00000000d5580000)
  object space 68608K, 39% used [0x0000000080000000,0x0000000081ab5380,0x0000000084300000)
 Metaspace       used 47823K, committed 49088K, reserved 1114112K
  class space    used 5186K, committed 5696K, reserved 1048576K
}
Event: 93.364 GC heap before
{Heap before GC invocations=22 (full 2):
 PSYoungGen      total 24064K, used 22528K [0x00000000d5580000, 0x00000000d6e80000, 0x0000000100000000)
  eden space 22016K, 100% used [0x00000000d5580000,0x00000000d6b00000,0x00000000d6b00000)
  from space 2048K, 25% used [0x00000000d6b80000,0x00000000d6c00000,0x00000000d6d80000)
  to   space 1024K, 0% used [0x00000000d6d80000,0x00000000d6d80000,0x00000000d6e80000)
 ParOldGen       total 68608K, used 27348K [0x0000000080000000, 0x0000000084300000, 0x00000000d5580000)
  object space 68608K, 39% used [0x0000000080000000,0x0000000081ab5380,0x0000000084300000)
 Metaspace       used 50010K, committed 51392K, reserved 1114112K
  class space    used 5403K, committed 6016K, reserved 1048576K
}
Event: 93.375 GC heap after
{Heap after GC invocations=22 (full 2):
 PSYoungGen      total 23040K, used 1016K [0x00000000d5580000, 0x00000000d7000000, 0x0000000100000000)
  eden space 22016K, 0% used [0x00000000d5580000,0x00000000d5580000,0x00000000d6b00000)
  from space 1024K, 99% used [0x00000000d6d80000,0x00000000d6e7e398,0x00000000d6e80000)
  to   space 2560K, 0% used [0x00000000d6b00000,0x00000000d6b00000,0x00000000d6d80000)
 ParOldGen       total 68608K, used 28523K [0x0000000080000000, 0x0000000084300000, 0x00000000d5580000)
  object space 68608K, 41% used [0x0000000080000000,0x0000000081bdae70,0x0000000084300000)
 Metaspace       used 50010K, committed 51392K, reserved 1114112K
  class space    used 5403K, committed 6016K, reserved 1048576K
}
Event: 97.747 GC heap before
{Heap before GC invocations=23 (full 2):
 PSYoungGen      total 23040K, used 23032K [0x00000000d5580000, 0x00000000d7000000, 0x0000000100000000)
  eden space 22016K, 100% used [0x00000000d5580000,0x00000000d6b00000,0x00000000d6b00000)
  from space 1024K, 99% used [0x00000000d6d80000,0x00000000d6e7e398,0x00000000d6e80000)
  to   space 2560K, 0% used [0x00000000d6b00000,0x00000000d6b00000,0x00000000d6d80000)
 ParOldGen       total 68608K, used 28523K [0x0000000080000000, 0x0000000084300000, 0x00000000d5580000)
  object space 68608K, 41% used [0x0000000080000000,0x0000000081bdae70,0x0000000084300000)
 Metaspace       used 50315K, committed 51712K, reserved 1114112K
  class space    used 5412K, committed 6016K, reserved 1048576K
}
Event: 97.755 GC heap after
{Heap after GC invocations=23 (full 2):
 PSYoungGen      total 24576K, used 2534K [0x00000000d5580000, 0x00000000d7400000, 0x0000000100000000)
  eden space 22016K, 0% used [0x00000000d5580000,0x00000000d5580000,0x00000000d6b00000)
  from space 2560K, 98% used [0x00000000d6b00000,0x00000000d6d79848,0x00000000d6d80000)
  to   space 4608K, 0% used [0x00000000d6f80000,0x00000000d6f80000,0x00000000d7400000)
 ParOldGen       total 68608K, used 29771K [0x0000000080000000, 0x0000000084300000, 0x00000000d5580000)
  object space 68608K, 43% used [0x0000000080000000,0x0000000081d12f00,0x0000000084300000)
 Metaspace       used 50315K, committed 51712K, reserved 1114112K
  class space    used 5412K, committed 6016K, reserved 1048576K
}
Event: 101.973 GC heap before
{Heap before GC invocations=24 (full 2):
 PSYoungGen      total 24576K, used 24550K [0x00000000d5580000, 0x00000000d7400000, 0x0000000100000000)
  eden space 22016K, 100% used [0x00000000d5580000,0x00000000d6b00000,0x00000000d6b00000)
  from space 2560K, 98% used [0x00000000d6b00000,0x00000000d6d79848,0x00000000d6d80000)
  to   space 4608K, 0% used [0x00000000d6f80000,0x00000000d6f80000,0x00000000d7400000)
 ParOldGen       total 68608K, used 29771K [0x0000000080000000, 0x0000000084300000, 0x00000000d5580000)
  object space 68608K, 43% used [0x0000000080000000,0x0000000081d12f00,0x0000000084300000)
 Metaspace       used 50320K, committed 51712K, reserved 1114112K
  class space    used 5412K, committed 6016K, reserved 1048576K
}
Event: 101.985 GC heap after
{Heap after GC invocations=24 (full 2):
 PSYoungGen      total 25088K, used 2604K [0x00000000d5580000, 0x00000000d7280000, 0x0000000100000000)
  eden space 22016K, 0% used [0x00000000d5580000,0x00000000d5580000,0x00000000d6b00000)
  from space 3072K, 84% used [0x00000000d6f80000,0x00000000d720b018,0x00000000d7280000)
  to   space 3072K, 0% used [0x00000000d6c80000,0x00000000d6c80000,0x00000000d6f80000)
 ParOldGen       total 68608K, used 32232K [0x0000000080000000, 0x0000000084300000, 0x00000000d5580000)
  object space 68608K, 46% used [0x0000000080000000,0x0000000081f7a288,0x0000000084300000)
 Metaspace       used 50320K, committed 51712K, reserved 1114112K
  class space    used 5412K, committed 6016K, reserved 1048576K
}
Event: 107.154 GC heap before
{Heap before GC invocations=25 (full 2):
 PSYoungGen      total 25088K, used 24620K [0x00000000d5580000, 0x00000000d7280000, 0x0000000100000000)
  eden space 22016K, 100% used [0x00000000d5580000,0x00000000d6b00000,0x00000000d6b00000)
  from space 3072K, 84% used [0x00000000d6f80000,0x00000000d720b018,0x00000000d7280000)
  to   space 3072K, 0% used [0x00000000d6c80000,0x00000000d6c80000,0x00000000d6f80000)
 ParOldGen       total 68608K, used 32232K [0x0000000080000000, 0x0000000084300000, 0x00000000d5580000)
  object space 68608K, 46% used [0x0000000080000000,0x0000000081f7a288,0x0000000084300000)
 Metaspace       used 50601K, committed 51968K, reserved 1114112K
  class space    used 5456K, committed 6080K, reserved 1048576K
}
Event: 107.162 GC heap after
{Heap after GC invocations=25 (full 2):
 PSYoungGen      total 24576K, used 2449K [0x00000000d5580000, 0x00000000d7100000, 0x0000000100000000)
  eden space 22016K, 0% used [0x00000000d5580000,0x00000000d5580000,0x00000000d6b00000)
  from space 2560K, 95% used [0x00000000d6c80000,0x00000000d6ee4410,0x00000000d6f00000)
  to   space 2048K, 0% used [0x00000000d6f00000,0x00000000d6f00000,0x00000000d7100000)
 ParOldGen       total 68608K, used 34780K [0x0000000080000000, 0x0000000084300000, 0x00000000d5580000)
  object space 68608K, 50% used [0x0000000080000000,0x00000000821f72a0,0x0000000084300000)
 Metaspace       used 50601K, committed 51968K, reserved 1114112K
  class space    used 5456K, committed 6080K, reserved 1048576K
}
Event: 110.333 GC heap before
{Heap before GC invocations=26 (full 2):
 PSYoungGen      total 24576K, used 24465K [0x00000000d5580000, 0x00000000d7100000, 0x0000000100000000)
  eden space 22016K, 100% used [0x00000000d5580000,0x00000000d6b00000,0x00000000d6b00000)
  from space 2560K, 95% used [0x00000000d6c80000,0x00000000d6ee4410,0x00000000d6f00000)
  to   space 2048K, 0% used [0x00000000d6f00000,0x00000000d6f00000,0x00000000d7100000)
 ParOldGen       total 68608K, used 34780K [0x0000000080000000, 0x0000000084300000, 0x00000000d5580000)
  object space 68608K, 50% used [0x0000000080000000,0x00000000821f72a0,0x0000000084300000)
 Metaspace       used 50619K, committed 51968K, reserved 1114112K
  class space    used 5456K, committed 6080K, reserved 1048576K
}
Event: 110.344 GC heap after
{Heap after GC invocations=26 (full 2):
 PSYoungGen      total 22528K, used 2018K [0x00000000d5580000, 0x00000000d7600000, 0x0000000100000000)
  eden space 20480K, 0% used [0x00000000d5580000,0x00000000d5580000,0x00000000d6980000)
  from space 2048K, 98% used [0x00000000d6f00000,0x00000000d70f8810,0x00000000d7100000)
  to   space 5632K, 0% used [0x00000000d6980000,0x00000000d6980000,0x00000000d6f00000)
 ParOldGen       total 68608K, used 37583K [0x0000000080000000, 0x0000000084300000, 0x00000000d5580000)
  object space 68608K, 54% used [0x0000000080000000,0x00000000824b3f98,0x0000000084300000)
 Metaspace       used 50619K, committed 51968K, reserved 1114112K
  class space    used 5456K, committed 6080K, reserved 1048576K
}
Event: 111.504 GC heap before
{Heap before GC invocations=27 (full 2):
 PSYoungGen      total 22528K, used 22498K [0x00000000d5580000, 0x00000000d7600000, 0x0000000100000000)
  eden space 20480K, 100% used [0x00000000d5580000,0x00000000d6980000,0x00000000d6980000)
  from space 2048K, 98% used [0x00000000d6f00000,0x00000000d70f8810,0x00000000d7100000)
  to   space 5632K, 0% used [0x00000000d6980000,0x00000000d6980000,0x00000000d6f00000)
 ParOldGen       total 68608K, used 37583K [0x0000000080000000, 0x0000000084300000, 0x00000000d5580000)
  object space 68608K, 54% used [0x0000000080000000,0x00000000824b3f98,0x0000000084300000)
 Metaspace       used 50648K, committed 52032K, reserved 1114112K
  class space    used 5459K, committed 6080K, reserved 1048576K
}
Event: 111.520 GC heap after
{Heap after GC invocations=27 (full 2):
 PSYoungGen      total 23552K, used 2614K [0x00000000d5580000, 0x00000000d7080000, 0x0000000100000000)
  eden space 20480K, 0% used [0x00000000d5580000,0x00000000d5580000,0x00000000d6980000)
  from space 3072K, 85% used [0x00000000d6980000,0x00000000d6c0d808,0x00000000d6c80000)
  to   space 3584K, 0% used [0x00000000d6d00000,0x00000000d6d00000,0x00000000d7080000)
 ParOldGen       total 68608K, used 39478K [0x0000000080000000, 0x0000000084300000, 0x00000000d5580000)
  object space 68608K, 57% used [0x0000000080000000,0x000000008268d958,0x0000000084300000)
 Metaspace       used 50648K, committed 52032K, reserved 1114112K
  class space    used 5459K, committed 6080K, reserved 1048576K
}

