# JRE version: OpenJDK Runtime Environment Temurin-21.0.12.1+1 (21.0.12.1+1) (build 21.0.12.1+1-LTS)
# Java VM: OpenJDK 64-Bit Server VM Temurin-21.0.12.1+1 (21.0.12.1+1-LTS, mixed mode, sharing, tiered, compressed oops, compressed class ptrs, parallel gc, windows-amd64)
GC Precious Log:
 CardTable entry size: 512
 CPUs: 4 total, 4 available
 Memory: 8074M
 Large Page Support: Disabled
 NUMA Support: Disabled
 Compressed Oops: Enabled (32-bit)
 Alignments: Space 512K, Generation 512K, Heap 2M
 Heap Min Capacity: 100M
 Heap Initial Capacity: 100M
 Heap Max Capacity: 2G
 Pre-touch: Disabled
 Parallel Workers: 4
Heap:
 PSYoungGen      total 20992K, used 10319K [0x00000000d5580000, 0x00000000d6b80000, 0x0000000100000000)
  eden space 20480K, 48% used [0x00000000d5580000,0x00000000d5f1bdf0,0x00000000d6980000)
  from space 512K, 93% used [0x00000000d6b00000,0x00000000d6b78020,0x00000000d6b80000)
  to   space 1024K, 0% used [0x00000000d6980000,0x00000000d6980000,0x00000000d6a80000)
 ParOldGen       total 68608K, used 65245K [0x0000000080000000, 0x0000000084300000, 0x00000000d5580000)
  object space 68608K, 95% used [0x0000000080000000,0x0000000083fb7798,0x0000000084300000)
 Metaspace       used 56916K, committed 58176K, reserved 1114112K
  class space    used 6123K, committed 6656K, reserved 1048576K
GC Heap History (20 events):
Event: 156.192 GC heap before
{Heap before GC invocations=25 (full 2):
 PSYoungGen      total 23552K, used 23160K [0x00000000d5580000, 0x00000000d6f00000, 0x0000000100000000)
  eden space 20992K, 100% used [0x00000000d5580000,0x00000000d6a00000,0x00000000d6a00000)
  from space 2560K, 84% used [0x00000000d6c80000,0x00000000d6e9e3a8,0x00000000d6f00000)
  to   space 2560K, 0% used [0x00000000d6a00000,0x00000000d6a00000,0x00000000d6c80000)
 ParOldGen       total 68608K, used 31502K [0x0000000080000000, 0x0000000084300000, 0x00000000d5580000)
  object space 68608K, 45% used [0x0000000080000000,0x0000000081ec3a40,0x0000000084300000)
 Metaspace       used 50124K, committed 51392K, reserved 1114112K
  class space    used 5403K, committed 5952K, reserved 1048576K
}
Event: 156.208 GC heap after
{Heap after GC invocations=25 (full 2):
 PSYoungGen      total 23552K, used 2304K [0x00000000d5580000, 0x00000000d6f00000, 0x0000000100000000)
  eden space 20992K, 0% used [0x00000000d5580000,0x00000000d5580000,0x00000000d6a00000)
  from space 2560K, 90% used [0x00000000d6a00000,0x00000000d6c40010,0x00000000d6c80000)
  to   space 2560K, 0% used [0x00000000d6c80000,0x00000000d6c80000,0x00000000d6f00000)
 ParOldGen       total 68608K, used 33557K [0x0000000080000000, 0x0000000084300000, 0x00000000d5580000)
  object space 68608K, 48% used [0x0000000080000000,0x00000000820c5598,0x0000000084300000)
 Metaspace       used 50124K, committed 51392K, reserved 1114112K
  class space    used 5403K, committed 5952K, reserved 1048576K
}
Event: 158.050 GC heap before
{Heap before GC invocations=26 (full 2):
 PSYoungGen      total 23552K, used 23296K [0x00000000d5580000, 0x00000000d6f00000, 0x0000000100000000)
  eden space 20992K, 100% used [0x00000000d5580000,0x00000000d6a00000,0x00000000d6a00000)
  from space 2560K, 90% used [0x00000000d6a00000,0x00000000d6c40010,0x00000000d6c80000)
  to   space 2560K, 0% used [0x00000000d6c80000,0x00000000d6c80000,0x00000000d6f00000)
 ParOldGen       total 68608K, used 33557K [0x0000000080000000, 0x0000000084300000, 0x00000000d5580000)
  object space 68608K, 48% used [0x0000000080000000,0x00000000820c5598,0x0000000084300000)
 Metaspace       used 50369K, committed 51648K, reserved 1114112K
  class space    used 5444K, committed 6016K, reserved 1048576K
}
Event: 158.058 GC heap after
{Heap after GC invocations=26 (full 2):
 PSYoungGen      total 23040K, used 2545K [0x00000000d5580000, 0x00000000d7000000, 0x0000000100000000)
  eden space 20480K, 0% used [0x00000000d5580000,0x00000000d5580000,0x00000000d6980000)
  from space 2560K, 99% used [0x00000000d6c80000,0x00000000d6efc420,0x00000000d6f00000)
  to   space 3072K, 0% used [0x00000000d6980000,0x00000000d6980000,0x00000000d6c80000)
 ParOldGen       total 68608K, used 35757K [0x0000000080000000, 0x0000000084300000, 0x00000000d5580000)
  object space 68608K, 52% used [0x0000000080000000,0x00000000822eb5a8,0x0000000084300000)
 Metaspace       used 50369K, committed 51648K, reserved 1114112K
  class space    used 5444K, committed 6016K, reserved 1048576K
}
Event: 159.907 GC heap before
{Heap before GC invocations=27 (full 2):
 PSYoungGen      total 23040K, used 23025K [0x00000000d5580000, 0x00000000d7000000, 0x0000000100000000)
  eden space 20480K, 100% used [0x00000000d5580000,0x00000000d6980000,0x00000000d6980000)
  from space 2560K, 99% used [0x00000000d6c80000,0x00000000d6efc420,0x00000000d6f00000)
  to   space 3072K, 0% used [0x00000000d6980000,0x00000000d6980000,0x00000000d6c80000)
 ParOldGen       total 68608K, used 35757K [0x0000000080000000, 0x0000000084300000, 0x00000000d5580000)
  object space 68608K, 52% used [0x0000000080000000,0x00000000822eb5a8,0x0000000084300000)
 Metaspace       used 50381K, committed 51648K, reserved 1114112K
  class space    used 5444K, committed 6016K, reserved 1048576K
}
Event: 159.930 GC heap after
{Heap after GC invocations=27 (full 2):
 PSYoungGen      total 23040K, used 2372K [0x00000000d5580000, 0x00000000d6e80000, 0x0000000100000000)
  eden space 20480K, 0% used [0x00000000d5580000,0x00000000d5580000,0x00000000d6980000)
  from space 2560K, 92% used [0x00000000d6980000,0x00000000d6bd1000,0x00000000d6c00000)
  to   space 2560K, 0% used [0x00000000d6c00000,0x00000000d6c00000,0x00000000d6e80000)
 ParOldGen       total 68608K, used 38120K [0x0000000080000000, 0x0000000084300000, 0x00000000d5580000)
  object space 68608K, 55% used [0x0000000080000000,0x000000008253a2b0,0x0000000084300000)
 Metaspace       used 50381K, committed 51648K, reserved 1114112K
  class space    used 5444K, committed 6016K, reserved 1048576K
}
Event: 166.096 GC heap before
{Heap before GC invocations=28 (full 2):
 PSYoungGen      total 23040K, used 22852K [0x00000000d5580000, 0x00000000d6e80000, 0x0000000100000000)
  eden space 20480K, 100% used [0x00000000d5580000,0x00000000d6980000,0x00000000d6980000)
  from space 2560K, 92% used [0x00000000d6980000,0x00000000d6bd1000,0x00000000d6c00000)
  to   space 2560K, 0% used [0x00000000d6c00000,0x00000000d6c00000,0x00000000d6e80000)
 ParOldGen       total 68608K, used 54317K [0x0000000080000000, 0x0000000084300000, 0x00000000d5580000)
  object space 68608K, 79% used [0x0000000080000000,0x000000008350b7d0,0x0000000084300000)
 Metaspace       used 50411K, committed 51712K, reserved 1114112K
  class space    used 5445K, committed 6016K, reserved 1048576K
}
Event: 166.134 GC heap after
{Heap after GC invocations=28 (full 2):
 PSYoungGen      total 23040K, used 2208K [0x00000000d5580000, 0x00000000d6e80000, 0x0000000100000000)
  eden space 20480K, 0% used [0x00000000d5580000,0x00000000d5580000,0x00000000d6980000)
  from space 2560K, 86% used [0x00000000d6c00000,0x00000000d6e28000,0x00000000d6e80000)
  to   space 2560K, 0% used [0x00000000d6980000,0x00000000d6980000,0x00000000d6c00000)
 ParOldGen       total 68608K, used 56649K [0x0000000080000000, 0x0000000084300000, 0x00000000d5580000)
  object space 68608K, 82% used [0x0000000080000000,0x00000000837527a8,0x0000000084300000)
 Metaspace       used 50411K, committed 51712K, reserved 1114112K
  class space    used 5445K, committed 6016K, reserved 1048576K
}
Event: 179.113 GC heap before
{Heap before GC invocations=29 (full 2):
 PSYoungGen      total 23040K, used 22688K [0x00000000d5580000, 0x00000000d6e80000, 0x0000000100000000)
  eden space 20480K, 100% used [0x00000000d5580000,0x00000000d6980000,0x00000000d6980000)
  from space 2560K, 86% used [0x00000000d6c00000,0x00000000d6e28000,0x00000000d6e80000)
  to   space 2560K, 0% used [0x00000000d6980000,0x00000000d6980000,0x00000000d6c00000)
 ParOldGen       total 68608K, used 58119K [0x0000000080000000, 0x0000000084300000, 0x00000000d5580000)
  object space 68608K, 84% used [0x0000000080000000,0x00000000838c1f48,0x0000000084300000)
 Metaspace       used 50423K, committed 51712K, reserved 1114112K
  class space    used 5445K, committed 6016K, reserved 1048576K
}
Event: 179.142 GC heap after
{Heap after GC invocations=29 (full 2):
 PSYoungGen      total 23040K, used 2120K [0x00000000d5580000, 0x00000000d6e80000, 0x0000000100000000)
  eden space 20480K, 0% used [0x00000000d5580000,0x00000000d5580000,0x00000000d6980000)
  from space 2560K, 82% used [0x00000000d6980000,0x00000000d6b92210,0x00000000d6c00000)
  to   space 2560K, 0% used [0x00000000d6c00000,0x00000000d6c00000,0x00000000d6e80000)
 ParOldGen       total 68608K, used 60255K [0x0000000080000000, 0x0000000084300000, 0x00000000d5580000)
  object space 68608K, 87% used [0x0000000080000000,0x0000000083ad7f48,0x0000000084300000)
 Metaspace       used 50423K, committed 51712K, reserved 1114112K
  class space    used 5445K, committed 6016K, reserved 1048576K
}
Event: 189.713 GC heap before
{Heap before GC invocations=30 (full 2):
 PSYoungGen      total 23040K, used 22600K [0x00000000d5580000, 0x00000000d6e80000, 0x0000000100000000)
  eden space 20480K, 100% used [0x00000000d5580000,0x00000000d6980000,0x00000000d6980000)
  from space 2560K, 82% used [0x00000000d6980000,0x00000000d6b92210,0x00000000d6c00000)
  to   space 2560K, 0% used [0x00000000d6c00000,0x00000000d6c00000,0x00000000d6e80000)
 ParOldGen       total 68608K, used 60514K [0x0000000080000000, 0x0000000084300000, 0x00000000d5580000)
  object space 68608K, 88% used [0x0000000080000000,0x0000000083b189c0,0x0000000084300000)
 Metaspace       used 52374K, committed 53696K, reserved 1114112K
  class space    used 5664K, committed 6208K, reserved 1048576K
}
Event: 189.730 GC heap after
{Heap after GC invocations=30 (full 2):
 PSYoungGen      total 22016K, used 1494K [0x00000000d5580000, 0x00000000d6d80000, 0x0000000100000000)
  eden space 20480K, 0% used [0x00000000d5580000,0x00000000d5580000,0x00000000d6980000)
  from space 1536K, 97% used [0x00000000d6c00000,0x00000000d6d75b50,0x00000000d6d80000)
  to   space 2048K, 0% used [0x00000000d6980000,0x00000000d6980000,0x00000000d6b80000)
 ParOldGen       total 68608K, used 62594K [0x0000000080000000, 0x0000000084300000, 0x00000000d5580000)
  object space 68608K, 91% used [0x0000000080000000,0x0000000083d20bc0,0x0000000084300000)
 Metaspace       used 52374K, committed 53696K, reserved 1114112K
  class space    used 5664K, committed 6208K, reserved 1048576K
}
Event: 192.109 GC heap before
{Heap before GC invocations=31 (full 2):
 PSYoungGen      total 22016K, used 21915K [0x00000000d5580000, 0x00000000d6d80000, 0x0000000100000000)
  eden space 20480K, 99% used [0x00000000d5580000,0x00000000d6971410,0x00000000d6980000)
  from space 1536K, 97% used [0x00000000d6c00000,0x00000000d6d75b50,0x00000000d6d80000)
  to   space 2048K, 0% used [0x00000000d6980000,0x00000000d6980000,0x00000000d6b80000)
 ParOldGen       total 68608K, used 62594K [0x0000000080000000, 0x0000000084300000, 0x00000000d5580000)
  object space 68608K, 91% used [0x0000000080000000,0x0000000083d20bc0,0x0000000084300000)
 Metaspace       used 53293K, committed 54592K, reserved 1114112K
  class space    used 5774K, committed 6336K, reserved 1048576K
}
Event: 192.111 GC heap after
{Heap after GC invocations=31 (full 2):
 PSYoungGen      total 22528K, used 320K [0x00000000d5580000, 0x00000000d6c80000, 0x0000000100000000)
  eden space 20480K, 0% used [0x00000000d5580000,0x00000000d5580000,0x00000000d6980000)
  from space 2048K, 15% used [0x00000000d6980000,0x00000000d69d0000,0x00000000d6b80000)
  to   space 1024K, 0% used [0x00000000d6b80000,0x00000000d6b80000,0x00000000d6c80000)
 ParOldGen       total 68608K, used 63288K [0x0000000080000000, 0x0000000084300000, 0x00000000d5580000)
  object space 68608K, 92% used [0x0000000080000000,0x0000000083dce368,0x0000000084300000)
 Metaspace       used 53293K, committed 54592K, reserved 1114112K
  class space    used 5774K, committed 6336K, reserved 1048576K
}
Event: 198.130 GC heap before
{Heap before GC invocations=32 (full 2):
 PSYoungGen      total 22528K, used 20800K [0x00000000d5580000, 0x00000000d6c80000, 0x0000000100000000)
  eden space 20480K, 100% used [0x00000000d5580000,0x00000000d6980000,0x00000000d6980000)
  from space 2048K, 15% used [0x00000000d6980000,0x00000000d69d0000,0x00000000d6b80000)
  to   space 1024K, 0% used [0x00000000d6b80000,0x00000000d6b80000,0x00000000d6c80000)
 ParOldGen       total 68608K, used 63288K [0x0000000080000000, 0x0000000084300000, 0x00000000d5580000)
  object space 68608K, 92% used [0x0000000080000000,0x0000000083dce368,0x0000000084300000)
 Metaspace       used 54155K, committed 55488K, reserved 1114112K
  class space    used 5842K, committed 6400K, reserved 1048576K
}
Event: 198.163 GC heap after
{Heap after GC invocations=32 (full 2):
 PSYoungGen      total 21504K, used 1020K [0x00000000d5580000, 0x00000000d6d80000, 0x0000000100000000)
  eden space 20480K, 0% used [0x00000000d5580000,0x00000000d5580000,0x00000000d6980000)
  from space 1024K, 99% used [0x00000000d6b80000,0x00000000d6c7f320,0x00000000d6c80000)
  to   space 2048K, 0% used [0x00000000d6980000,0x00000000d6980000,0x00000000d6b80000)
 ParOldGen       total 68608K, used 64038K [0x0000000080000000, 0x0000000084300000, 0x00000000d5580000)
  object space 68608K, 93% used [0x0000000080000000,0x0000000083e899d8,0x0000000084300000)
 Metaspace       used 54155K, committed 55488K, reserved 1114112K
  class space    used 5842K, committed 6400K, reserved 1048576K
}
Event: 202.235 GC heap before
{Heap before GC invocations=33 (full 2):
 PSYoungGen      total 21504K, used 21500K [0x00000000d5580000, 0x00000000d6d80000, 0x0000000100000000)
  eden space 20480K, 100% used [0x00000000d5580000,0x00000000d6980000,0x00000000d6980000)
  from space 1024K, 99% used [0x00000000d6b80000,0x00000000d6c7f320,0x00000000d6c80000)
  to   space 2048K, 0% used [0x00000000d6980000,0x00000000d6980000,0x00000000d6b80000)
 ParOldGen       total 68608K, used 64038K [0x0000000080000000, 0x0000000084300000, 0x00000000d5580000)
  object space 68608K, 93% used [0x0000000080000000,0x0000000083e899d8,0x0000000084300000)
 Metaspace       used 54172K, committed 55488K, reserved 1114112K
  class space    used 5842K, committed 6400K, reserved 1048576K
}
Event: 202.239 GC heap after
{Heap after GC invocations=33 (full 2):
 PSYoungGen      total 22016K, used 1321K [0x00000000d5580000, 0x00000000d6c80000, 0x0000000100000000)
  eden space 20480K, 0% used [0x00000000d5580000,0x00000000d5580000,0x00000000d6980000)
  from space 1536K, 86% used [0x00000000d6980000,0x00000000d6aca710,0x00000000d6b00000)
  to   space 1536K, 0% used [0x00000000d6b00000,0x00000000d6b00000,0x00000000d6c80000)
 ParOldGen       total 68608K, used 64869K [0x0000000080000000, 0x0000000084300000, 0x00000000d5580000)
  object space 68608K, 94% used [0x0000000080000000,0x0000000083f59788,0x0000000084300000)
 Metaspace       used 54172K, committed 55488K, reserved 1114112K
  class space    used 5842K, committed 6400K, reserved 1048576K
}
Event: 202.752 GC heap before
{Heap before GC invocations=34 (full 2):
 PSYoungGen      total 22016K, used 21801K [0x00000000d5580000, 0x00000000d6c80000, 0x0000000100000000)
  eden space 20480K, 100% used [0x00000000d5580000,0x00000000d6980000,0x00000000d6980000)
  from space 1536K, 86% used [0x00000000d6980000,0x00000000d6aca710,0x00000000d6b00000)
  to   space 1536K, 0% used [0x00000000d6b00000,0x00000000d6b00000,0x00000000d6c80000)
 ParOldGen       total 68608K, used 64869K [0x0000000080000000, 0x0000000084300000, 0x00000000d5580000)
  object space 68608K, 94% used [0x0000000080000000,0x0000000083f59788,0x0000000084300000)
 Metaspace       used 55956K, committed 57216K, reserved 1114112K
  class space    used 6032K, committed 6592K, reserved 1048576K
}
Event: 202.754 GC heap after
{Heap after GC invocations=34 (full 2):
 PSYoungGen      total 20992K, used 480K [0x00000000d5580000, 0x00000000d6b80000, 0x0000000100000000)
  eden space 20480K, 0% used [0x00000000d5580000,0x00000000d5580000,0x00000000d6980000)
  from space 512K, 93% used [0x00000000d6b00000,0x00000000d6b78020,0x00000000d6b80000)
  to   space 1024K, 0% used [0x00000000d6980000,0x00000000d6980000,0x00000000d6a80000)
 ParOldGen       total 68608K, used 65245K [0x0000000080000000, 0x0000000084300000, 0x00000000d5580000)
  object space 68608K, 95% used [0x0000000080000000,0x0000000083fb7798,0x0000000084300000)
 Metaspace       used 55956K, committed 57216K, reserved 1114112K
  class space    used 6032K, committed 6592K, reserved 1048576K
}

